<?xml version="1.0" encoding="UTF-8"?>
<!-- Generated by org.testng.reporters.JUnitReportReporter -->
<testsuite hostname="Ayesh" failures="0" tests="1" name="mobileTestingPractice.Appium.AppiumBasic" time="6.169" errors="0" timestamp="2023-01-29T16:17:01 IST" skipped="0">
  <testcase classname="mobileTestingPractice.Appium.AppiumBasic" name="WifiSettingName" time="6.169"/>
  <system-out/>
</testsuite> <!-- mobileTestingPractice.Appium.AppiumBasic -->
