<?xml version="1.0" encoding="UTF-8"?>
<!-- Generated by org.testng.reporters.JUnitReportReporter -->
<testsuite hostname="Ayesh" failures="0" tests="1" name="mobileTestingPractice.Appium.PressAndHold" time="8.897" errors="0" timestamp="2023-01-29T19:36:47 IST" skipped="0">
  <testcase classname="mobileTestingPractice.Appium.PressAndHold" name="longPress" time="8.897"/>
  <system-out/>
</testsuite> <!-- mobileTestingPractice.Appium.PressAndHold -->
